<?xml version="1.0" encoding="UTF-8"?>
<testsuite name="server_tests.TestFlaskApp-20250105182602" tests="1" file="server_tests.py" time="0.005" timestamp="2025-01-05T18:26:03" failures="0" errors="0" skipped="0">
	<testcase classname="server_tests.TestFlaskApp" name="test_home_route" time="0.005" timestamp="2025-01-05T18:26:03"/>
</testsuite>
